Vivado Simulator v2023.2
Copyright 1986-2022 Xilinx, Inc. All Rights Reserved.
Copyright 2022-2023 Advanced Micro Devices, Inc. All Rights Reserved.
Running: C:/Xilinx/Vivado/2023.2/bin/unwrapped/win64.o/xelab.exe --incr --debug typical --relax --mt 2 -L xil_defaultlib -L xbip_utils_v3_0_11 -L c_reg_fd_v12_0_7 -L xbip_dsp48_wrapper_v3_0_5 -L xbip_pipe_v3_0_7 -L xbip_dsp48_addsub_v3_0_7 -L xbip_addsub_v3_0_7 -L c_addsub_v12_0_16 -L uvm -L unisims_ver -L unimacro_ver -L secureip -L xpm --snapshot tb_satadd_behav xil_defaultlib.tb_satadd xil_defaultlib.glbl -log elaborate.log 
Using 2 slave threads.
Starting static elaboration
Pass Through NonSizing Optimizer
Completed static elaboration
Starting simulation data flow analysis
WARNING: [XSIM 43-4099] "C:/Users/coope/Documents/MSU-ECE-DSD/lab3/project_2/project_2.srcs/sources_1/imports/lab3/satadd.sv" Line 1. Module satadd doesn't have a timescale but at least one module in design has a timescale.
WARNING: [XSIM 43-4099] "C:/Users/coope/Documents/MSU-ECE-DSD/lab3/project_2/project_2.srcs/sources_1/imports/lab3/satadd.sv" Line 1. Module satadd doesn't have a timescale but at least one module in design has a timescale.
Completed simulation data flow analysis
Time Resolution for simulation is 1ps
Compiling package std.standard
Compiling package std.textio
Compiling package ieee.std_logic_1164
Compiling package ieee.numeric_std
Compiling package c_addsub_v12_0_16.c_addsub_v12_0_16_viv_comp
Compiling package xbip_utils_v3_0_11.xbip_utils_v3_0_11_pkg
Compiling package xbip_pipe_v3_0_7.xbip_pipe_v3_0_7_viv_comp
Compiling package xbip_addsub_v3_0_7.xbip_addsub_v3_0_7_viv_comp
Compiling package c_addsub_v12_0_16.c_addsub_v12_0_16_pkg
Compiling package c_addsub_v12_0_16.c_addsub_v12_0_16_pkg_legacy
Compiling package c_reg_fd_v12_0_7.c_reg_fd_v12_0_7_viv_comp
Compiling package unisim.vcomponents
Compiling architecture muxcy_v of entity unisim.MUXCY [muxcy_default]
Compiling architecture xorcy_v of entity unisim.XORCY [xorcy_default]
Compiling architecture rtl of entity c_addsub_v12_0_16.c_addsub_v12_0_16_lut6_legacy [\c_addsub_v12_0_16_lut6_legacy(c...]
Compiling architecture synth of entity c_addsub_v12_0_16.c_addsub_v12_0_16_fabric_legacy [\c_addsub_v12_0_16_fabric_legacy...]
Compiling architecture synth of entity c_addsub_v12_0_16.c_addsub_v12_0_16_legacy [\c_addsub_v12_0_16_legacy(c_fami...]
Compiling architecture synth of entity c_addsub_v12_0_16.c_addsub_v12_0_16_viv [\c_addsub_v12_0_16_viv(c_xdevice...]
Compiling architecture xilinx of entity c_addsub_v12_0_16.c_addsub_v12_0_16 [\c_addsub_v12_0_16(c_xdevicefami...]
Compiling architecture ip_addsub_arch of entity xil_defaultlib.ip_addsub [ip_addsub_default]
Compiling module xil_defaultlib.satadd
Compiling module xil_defaultlib.tb_satadd
Compiling module xil_defaultlib.glbl
Built simulation snapshot tb_satadd_behav
