
*** Running vivado
    with args -log timertop.vds -m64 -product Vivado -mode batch -messageDb vivado.pb -notrace -source timertop.tcl


ECHO is off.
ECHO is off.

****** Vivado v2023.2 (64-bit)
  **** SW Build 4029153 on Fri Oct 13 20:14:34 MDT 2023
  **** IP Build 4028589 on Sat Oct 14 00:45:43 MDT 2023
  **** SharedData Build 4025554 on Tue Oct 10 17:18:54 MDT 2023
    ** Copyright 1986-2022 Xilinx, Inc. All Rights Reserved.
    ** Copyright 2022-2023 Advanced Micro Devices, Inc. All Rights Reserved.

source timertop.tcl -notrace
create_project: Time (s): cpu = 00:00:06 ; elapsed = 00:00:07 . Memory (MB): peak = 456.086 ; gain = 182.957
Command: read_checkpoint -auto_incremental -incremental C:/Users/coope/Documents/MSU-ECE-DSD/lab7/lab7_part3/lab7_part3.srcs/utils_1/imports/synth_1/timertop.dcp
INFO: [Vivado 12-5825] Read reference checkpoint from C:/Users/coope/Documents/MSU-ECE-DSD/lab7/lab7_part3/lab7_part3.srcs/utils_1/imports/synth_1/timertop.dcp for incremental synthesis
INFO: [Vivado 12-7989] Please ensure there are no constraint changes
Command: synth_design -top timertop -part xc7a35tcpg236-1
Starting synth_design
Attempting to get a license for feature 'Synthesis' and/or device 'xc7a35t'
INFO: [Common 17-349] Got license for feature 'Synthesis' and/or device 'xc7a35t'
INFO: [Device 21-403] Loading part xc7a35tcpg236-1
INFO: [Designutils 20-5440] No compile time benefit to using incremental synthesis; A full resynthesis will be run
INFO: [Designutils 20-4379] Flow is switching to default flow due to incremental criteria not met. If you would like to alter this behaviour and have the flow terminate instead, please set the following parameter config_implementation {autoIncr.Synth.RejectBehavior Terminate}
INFO: [Synth 8-7079] Multithreading enabled for synth_design using a maximum of 2 processes.
INFO: [Synth 8-7078] Launching helper process for spawning children vivado processes
INFO: [Synth 8-7075] Helper process launched with PID 17440
---------------------------------------------------------------------------------
Starting RTL Elaboration : Time (s): cpu = 00:00:06 ; elapsed = 00:00:06 . Memory (MB): peak = 1302.707 ; gain = 440.426
---------------------------------------------------------------------------------
INFO: [Synth 8-6157] synthesizing module 'timertop' [C:/Users/coope/Documents/MSU-ECE-DSD/lab7/lab7_part3/lab7_part3.srcs/sources_1/imports/lab7_p3_files/timer_p3.sv:4]
INFO: [Synth 8-6157] synthesizing module 'clk_wiz_0' [C:/Users/coope/Documents/MSU-ECE-DSD/lab7/lab7_part3/lab7_part3.runs/synth_1/.Xil/Vivado-9868-LAPTOP-RCMTCCBQ/realtime/clk_wiz_0_stub.v:6]
INFO: [Synth 8-6155] done synthesizing module 'clk_wiz_0' (0#1) [C:/Users/coope/Documents/MSU-ECE-DSD/lab7/lab7_part3/lab7_part3.runs/synth_1/.Xil/Vivado-9868-LAPTOP-RCMTCCBQ/realtime/clk_wiz_0_stub.v:6]
INFO: [Synth 8-6157] synthesizing module 'timer32' [C:/Users/coope/Documents/MSU-ECE-DSD/lab7/lab7_part3/lab7_part3.srcs/sources_1/imports/lab7_p1_files/timer32.sv:21]
	Parameter PERIOD bound to: 6249999.000000 - type: double 
	Parameter ENBIT bound to: 1 - type: integer 
INFO: [Synth 8-6155] done synthesizing module 'timer32' (0#1) [C:/Users/coope/Documents/MSU-ECE-DSD/lab7/lab7_part3/lab7_part3.srcs/sources_1/imports/lab7_p1_files/timer32.sv:21]
INFO: [Synth 8-6157] synthesizing module 'timer32__parameterized0' [C:/Users/coope/Documents/MSU-ECE-DSD/lab7/lab7_part3/lab7_part3.srcs/sources_1/imports/lab7_p1_files/timer32.sv:21]
	Parameter PERIOD bound to: 12499999.000000 - type: double 
	Parameter ENBIT bound to: 1 - type: integer 
INFO: [Synth 8-6155] done synthesizing module 'timer32__parameterized0' (0#1) [C:/Users/coope/Documents/MSU-ECE-DSD/lab7/lab7_part3/lab7_part3.srcs/sources_1/imports/lab7_p1_files/timer32.sv:21]
INFO: [Synth 8-6157] synthesizing module 'timer32__parameterized1' [C:/Users/coope/Documents/MSU-ECE-DSD/lab7/lab7_part3/lab7_part3.srcs/sources_1/imports/lab7_p1_files/timer32.sv:21]
	Parameter PERIOD bound to: 24999999.000000 - type: double 
	Parameter ENBIT bound to: 1 - type: integer 
INFO: [Synth 8-6155] done synthesizing module 'timer32__parameterized1' (0#1) [C:/Users/coope/Documents/MSU-ECE-DSD/lab7/lab7_part3/lab7_part3.srcs/sources_1/imports/lab7_p1_files/timer32.sv:21]
INFO: [Synth 8-6157] synthesizing module 'timer32__parameterized2' [C:/Users/coope/Documents/MSU-ECE-DSD/lab7/lab7_part3/lab7_part3.srcs/sources_1/imports/lab7_p1_files/timer32.sv:21]
	Parameter PERIOD bound to: 49999999 - type: integer 
	Parameter ENBIT bound to: 1 - type: integer 
INFO: [Synth 8-6155] done synthesizing module 'timer32__parameterized2' (0#1) [C:/Users/coope/Documents/MSU-ECE-DSD/lab7/lab7_part3/lab7_part3.srcs/sources_1/imports/lab7_p1_files/timer32.sv:21]
INFO: [Synth 8-6157] synthesizing module 'timer32__parameterized3' [C:/Users/coope/Documents/MSU-ECE-DSD/lab7/lab7_part3/lab7_part3.srcs/sources_1/imports/lab7_p1_files/timer32.sv:21]
	Parameter PERIOD bound to: 99999999 - type: integer 
	Parameter ENBIT bound to: 1 - type: integer 
INFO: [Synth 8-6155] done synthesizing module 'timer32__parameterized3' (0#1) [C:/Users/coope/Documents/MSU-ECE-DSD/lab7/lab7_part3/lab7_part3.srcs/sources_1/imports/lab7_p1_files/timer32.sv:21]
INFO: [Synth 8-6157] synthesizing module 'timer32__parameterized4' [C:/Users/coope/Documents/MSU-ECE-DSD/lab7/lab7_part3/lab7_part3.srcs/sources_1/imports/lab7_p1_files/timer32.sv:21]
	Parameter PERIOD bound to: 199999999 - type: integer 
	Parameter ENBIT bound to: 1 - type: integer 
INFO: [Synth 8-6155] done synthesizing module 'timer32__parameterized4' (0#1) [C:/Users/coope/Documents/MSU-ECE-DSD/lab7/lab7_part3/lab7_part3.srcs/sources_1/imports/lab7_p1_files/timer32.sv:21]
INFO: [Synth 8-6157] synthesizing module 'timer32__parameterized5' [C:/Users/coope/Documents/MSU-ECE-DSD/lab7/lab7_part3/lab7_part3.srcs/sources_1/imports/lab7_p1_files/timer32.sv:21]
	Parameter PERIOD bound to: 399999999 - type: integer 
	Parameter ENBIT bound to: 1 - type: integer 
INFO: [Synth 8-6155] done synthesizing module 'timer32__parameterized5' (0#1) [C:/Users/coope/Documents/MSU-ECE-DSD/lab7/lab7_part3/lab7_part3.srcs/sources_1/imports/lab7_p1_files/timer32.sv:21]
INFO: [Synth 8-6155] done synthesizing module 'timertop' (0#1) [C:/Users/coope/Documents/MSU-ECE-DSD/lab7/lab7_part3/lab7_part3.srcs/sources_1/imports/lab7_p3_files/timer_p3.sv:4]
WARNING: [Synth 8-7137] Register TMR_dout_reg in module timer32 has both Set and reset with same priority. This may cause simulation mismatches. Consider rewriting code  [C:/Users/coope/Documents/MSU-ECE-DSD/lab7/lab7_part3/lab7_part3.srcs/sources_1/imports/lab7_p1_files/timer32.sv:51]
WARNING: [Synth 8-7137] Register TMR_dout_reg in module timer32__parameterized0 has both Set and reset with same priority. This may cause simulation mismatches. Consider rewriting code  [C:/Users/coope/Documents/MSU-ECE-DSD/lab7/lab7_part3/lab7_part3.srcs/sources_1/imports/lab7_p1_files/timer32.sv:51]
WARNING: [Synth 8-7137] Register TMR_dout_reg in module timer32__parameterized1 has both Set and reset with same priority. This may cause simulation mismatches. Consider rewriting code  [C:/Users/coope/Documents/MSU-ECE-DSD/lab7/lab7_part3/lab7_part3.srcs/sources_1/imports/lab7_p1_files/timer32.sv:51]
WARNING: [Synth 8-7137] Register TMR_dout_reg in module timer32__parameterized2 has both Set and reset with same priority. This may cause simulation mismatches. Consider rewriting code  [C:/Users/coope/Documents/MSU-ECE-DSD/lab7/lab7_part3/lab7_part3.srcs/sources_1/imports/lab7_p1_files/timer32.sv:51]
WARNING: [Synth 8-7137] Register TMR_dout_reg in module timer32__parameterized3 has both Set and reset with same priority. This may cause simulation mismatches. Consider rewriting code  [C:/Users/coope/Documents/MSU-ECE-DSD/lab7/lab7_part3/lab7_part3.srcs/sources_1/imports/lab7_p1_files/timer32.sv:51]
WARNING: [Synth 8-7137] Register TMR_dout_reg in module timer32__parameterized4 has both Set and reset with same priority. This may cause simulation mismatches. Consider rewriting code  [C:/Users/coope/Documents/MSU-ECE-DSD/lab7/lab7_part3/lab7_part3.srcs/sources_1/imports/lab7_p1_files/timer32.sv:51]
WARNING: [Synth 8-7137] Register TMR_dout_reg in module timer32__parameterized5 has both Set and reset with same priority. This may cause simulation mismatches. Consider rewriting code  [C:/Users/coope/Documents/MSU-ECE-DSD/lab7/lab7_part3/lab7_part3.srcs/sources_1/imports/lab7_p1_files/timer32.sv:51]
---------------------------------------------------------------------------------
Finished RTL Elaboration : Time (s): cpu = 00:00:07 ; elapsed = 00:00:08 . Memory (MB): peak = 1414.914 ; gain = 552.633
---------------------------------------------------------------------------------
---------------------------------------------------------------------------------
Start Handling Custom Attributes
---------------------------------------------------------------------------------
---------------------------------------------------------------------------------
Finished Handling Custom Attributes : Time (s): cpu = 00:00:08 ; elapsed = 00:00:08 . Memory (MB): peak = 1414.914 ; gain = 552.633
---------------------------------------------------------------------------------
---------------------------------------------------------------------------------
Finished RTL Optimization Phase 1 : Time (s): cpu = 00:00:08 ; elapsed = 00:00:08 . Memory (MB): peak = 1414.914 ; gain = 552.633
---------------------------------------------------------------------------------
Netlist sorting complete. Time (s): cpu = 00:00:00 ; elapsed = 00:00:00.015 . Memory (MB): peak = 1414.914 ; gain = 0.000
INFO: [Project 1-570] Preparing netlist for logic optimization

Processing XDC Constraints
Initializing timing engine
Parsing XDC File [c:/Users/coope/Documents/MSU-ECE-DSD/lab7/lab7_part3/lab7_part3.gen/sources_1/ip/clk_wiz_0_1/clk_wiz_0/clk_wiz_0_in_context.xdc] for cell 'clk_wiz0'
Finished Parsing XDC File [c:/Users/coope/Documents/MSU-ECE-DSD/lab7/lab7_part3/lab7_part3.gen/sources_1/ip/clk_wiz_0_1/clk_wiz_0/clk_wiz_0_in_context.xdc] for cell 'clk_wiz0'
Parsing XDC File [C:/Users/coope/Documents/MSU-ECE-DSD/lab7/lab7_part3/lab7_part3.srcs/constrs_1/imports/lab7_p3_files/Basys3_Master.xdc]
Finished Parsing XDC File [C:/Users/coope/Documents/MSU-ECE-DSD/lab7/lab7_part3/lab7_part3.srcs/constrs_1/imports/lab7_p3_files/Basys3_Master.xdc]
INFO: [Project 1-236] Implementation specific constraints were found while reading constraint file [C:/Users/coope/Documents/MSU-ECE-DSD/lab7/lab7_part3/lab7_part3.srcs/constrs_1/imports/lab7_p3_files/Basys3_Master.xdc]. These constraints will be ignored for synthesis but will be used in implementation. Impacted constraints are listed in the file [.Xil/timertop_propImpl.xdc].
Resolution: To avoid this warning, move constraints listed in [.Xil/timertop_propImpl.xdc] to another XDC file and exclude this new file from synthesis with the used_in_synthesis property (File Properties dialog in GUI) and re-run elaboration/synthesis.
Completed Processing XDC Constraints

Netlist sorting complete. Time (s): cpu = 00:00:00 ; elapsed = 00:00:00 . Memory (MB): peak = 1507.781 ; gain = 0.000
INFO: [Project 1-111] Unisim Transformation Summary:
No Unisim elements were transformed.

The system cannot find the path specified.
Constraint Validation Runtime : Time (s): cpu = 00:00:00 ; elapsed = 00:00:00.006 . Memory (MB): peak = 1507.781 ; gain = 0.000
INFO: [Designutils 20-5440] No compile time benefit to using incremental synthesis; A full resynthesis will be run
INFO: [Designutils 20-4379] Flow is switching to default flow due to incremental criteria not met. If you would like to alter this behaviour and have the flow terminate instead, please set the following parameter config_implementation {autoIncr.Synth.RejectBehavior Terminate}
---------------------------------------------------------------------------------
Finished Constraint Validation : Time (s): cpu = 00:00:19 ; elapsed = 00:00:21 . Memory (MB): peak = 1507.781 ; gain = 645.500
---------------------------------------------------------------------------------
---------------------------------------------------------------------------------
Start Loading Part and Timing Information
---------------------------------------------------------------------------------
Loading part: xc7a35tcpg236-1
---------------------------------------------------------------------------------
Finished Loading Part and Timing Information : Time (s): cpu = 00:00:19 ; elapsed = 00:00:21 . Memory (MB): peak = 1507.781 ; gain = 645.500
---------------------------------------------------------------------------------
---------------------------------------------------------------------------------
Start Applying 'set_property' XDC Constraints
---------------------------------------------------------------------------------
Applied set_property IO_BUFFER_TYPE = NONE for board_clk. (constraint file  c:/Users/coope/Documents/MSU-ECE-DSD/lab7/lab7_part3/lab7_part3.gen/sources_1/ip/clk_wiz_0_1/clk_wiz_0/clk_wiz_0_in_context.xdc, line 3).
Applied set_property CLOCK_BUFFER_TYPE = NONE for board_clk. (constraint file  c:/Users/coope/Documents/MSU-ECE-DSD/lab7/lab7_part3/lab7_part3.gen/sources_1/ip/clk_wiz_0_1/clk_wiz_0/clk_wiz_0_in_context.xdc, line 4).
Applied set_property KEEP_HIERARCHY = SOFT for clk_wiz0. (constraint file  auto generated constraint).
---------------------------------------------------------------------------------
Finished applying 'set_property' XDC Constraints : Time (s): cpu = 00:00:19 ; elapsed = 00:00:21 . Memory (MB): peak = 1507.781 ; gain = 645.500
---------------------------------------------------------------------------------
---------------------------------------------------------------------------------
Finished RTL Optimization Phase 2 : Time (s): cpu = 00:00:20 ; elapsed = 00:00:21 . Memory (MB): peak = 1507.781 ; gain = 645.500
---------------------------------------------------------------------------------
---------------------------------------------------------------------------------
Start RTL Component Statistics 
---------------------------------------------------------------------------------
Detailed RTL Component Info : 
+---Adders : 
	   2 Input   32 Bit       Adders := 7     
+---Registers : 
	               32 Bit    Registers := 14    
	                1 Bit    Registers := 23    
+---Muxes : 
	   2 Input   32 Bit        Muxes := 35    
	   4 Input   32 Bit        Muxes := 7     
	   2 Input    1 Bit        Muxes := 42    
---------------------------------------------------------------------------------
Finished RTL Component Statistics 
---------------------------------------------------------------------------------
---------------------------------------------------------------------------------
Start Part Resource Summary
---------------------------------------------------------------------------------
Part Resources:
DSPs: 90 (col length:60)
BRAMs: 100 (col length: RAMB18 60 RAMB36 30)
---------------------------------------------------------------------------------
Finished Part Resource Summary
---------------------------------------------------------------------------------
---------------------------------------------------------------------------------
Start Cross Boundary and Area Optimization
---------------------------------------------------------------------------------
WARNING: [Synth 8-7080] Parallel synthesis criteria is not met
---------------------------------------------------------------------------------
Finished Cross Boundary and Area Optimization : Time (s): cpu = 00:00:22 ; elapsed = 00:00:23 . Memory (MB): peak = 1507.781 ; gain = 645.500
---------------------------------------------------------------------------------
---------------------------------------------------------------------------------
Start Applying XDC Timing Constraints
---------------------------------------------------------------------------------
---------------------------------------------------------------------------------
Finished Applying XDC Timing Constraints : Time (s): cpu = 00:00:27 ; elapsed = 00:00:29 . Memory (MB): peak = 1507.781 ; gain = 645.500
---------------------------------------------------------------------------------
---------------------------------------------------------------------------------
Start Timing Optimization
---------------------------------------------------------------------------------
---------------------------------------------------------------------------------
Finished Timing Optimization : Time (s): cpu = 00:00:27 ; elapsed = 00:00:29 . Memory (MB): peak = 1507.781 ; gain = 645.500
---------------------------------------------------------------------------------
---------------------------------------------------------------------------------
Start Technology Mapping
---------------------------------------------------------------------------------
---------------------------------------------------------------------------------
Finished Technology Mapping : Time (s): cpu = 00:00:27 ; elapsed = 00:00:29 . Memory (MB): peak = 1507.781 ; gain = 645.500
---------------------------------------------------------------------------------
---------------------------------------------------------------------------------
Start IO Insertion
---------------------------------------------------------------------------------
---------------------------------------------------------------------------------
Start Flattening Before IO Insertion
---------------------------------------------------------------------------------
---------------------------------------------------------------------------------
Finished Flattening Before IO Insertion
---------------------------------------------------------------------------------
---------------------------------------------------------------------------------
Start Final Netlist Cleanup
---------------------------------------------------------------------------------
---------------------------------------------------------------------------------
Finished Final Netlist Cleanup
---------------------------------------------------------------------------------
---------------------------------------------------------------------------------
Finished IO Insertion : Time (s): cpu = 00:00:32 ; elapsed = 00:00:34 . Memory (MB): peak = 1507.781 ; gain = 645.500
---------------------------------------------------------------------------------
---------------------------------------------------------------------------------
Start Renaming Generated Instances
---------------------------------------------------------------------------------
---------------------------------------------------------------------------------
Finished Renaming Generated Instances : Time (s): cpu = 00:00:32 ; elapsed = 00:00:34 . Memory (MB): peak = 1507.781 ; gain = 645.500
---------------------------------------------------------------------------------
---------------------------------------------------------------------------------
Start Rebuilding User Hierarchy
---------------------------------------------------------------------------------
---------------------------------------------------------------------------------
Finished Rebuilding User Hierarchy : Time (s): cpu = 00:00:32 ; elapsed = 00:00:34 . Memory (MB): peak = 1507.781 ; gain = 645.500
---------------------------------------------------------------------------------
---------------------------------------------------------------------------------
Start Renaming Generated Ports
---------------------------------------------------------------------------------
---------------------------------------------------------------------------------
Finished Renaming Generated Ports : Time (s): cpu = 00:00:32 ; elapsed = 00:00:34 . Memory (MB): peak = 1507.781 ; gain = 645.500
---------------------------------------------------------------------------------
---------------------------------------------------------------------------------
Start Handling Custom Attributes
---------------------------------------------------------------------------------
---------------------------------------------------------------------------------
Finished Handling Custom Attributes : Time (s): cpu = 00:00:32 ; elapsed = 00:00:34 . Memory (MB): peak = 1507.781 ; gain = 645.500
---------------------------------------------------------------------------------
---------------------------------------------------------------------------------
Start Renaming Generated Nets
---------------------------------------------------------------------------------
---------------------------------------------------------------------------------
Finished Renaming Generated Nets : Time (s): cpu = 00:00:32 ; elapsed = 00:00:34 . Memory (MB): peak = 1507.781 ; gain = 645.500
---------------------------------------------------------------------------------
---------------------------------------------------------------------------------
Start Writing Synthesis Report
---------------------------------------------------------------------------------

Report BlackBoxes: 
+------+--------------+----------+
|      |BlackBox name |Instances |
+------+--------------+----------+
|1     |clk_wiz_0     |         1|
+------+--------------+----------+

Report Cell Usage: 
+------+--------+------+
|      |Cell    |Count |
+------+--------+------+
|1     |clk_wiz |     1|
|2     |CARRY4  |    77|
|3     |LUT1    |   217|
|4     |LUT2    |   238|
|5     |LUT3    |    70|
|6     |FDCE    |   231|
|7     |FDRE    |     2|
|8     |IBUF    |     1|
|9     |OBUF    |     7|
+------+--------+------+
---------------------------------------------------------------------------------
Finished Writing Synthesis Report : Time (s): cpu = 00:00:32 ; elapsed = 00:00:35 . Memory (MB): peak = 1507.781 ; gain = 645.500
---------------------------------------------------------------------------------
Synthesis finished with 0 errors, 0 critical warnings and 1 warnings.
Synthesis Optimization Runtime : Time (s): cpu = 00:00:24 ; elapsed = 00:00:32 . Memory (MB): peak = 1507.781 ; gain = 552.633
Synthesis Optimization Complete : Time (s): cpu = 00:00:33 ; elapsed = 00:00:35 . Memory (MB): peak = 1507.781 ; gain = 645.500
INFO: [Project 1-571] Translating synthesized netlist
Netlist sorting complete. Time (s): cpu = 00:00:00 ; elapsed = 00:00:00.012 . Memory (MB): peak = 1507.781 ; gain = 0.000
INFO: [Netlist 29-17] Analyzing 77 Unisim elements for replacement
INFO: [Netlist 29-28] Unisim Transformation completed in 0 CPU seconds
INFO: [Project 1-570] Preparing netlist for logic optimization
INFO: [Opt 31-138] Pushed 0 inverter(s) to 0 load pin(s).
Netlist sorting complete. Time (s): cpu = 00:00:00 ; elapsed = 00:00:00 . Memory (MB): peak = 1507.781 ; gain = 0.000
INFO: [Project 1-111] Unisim Transformation Summary:
No Unisim elements were transformed.

The system cannot find the path specified.
Synth Design complete | Checksum: 7abd1518
INFO: [Common 17-83] Releasing license: Synthesis
39 Infos, 8 Warnings, 0 Critical Warnings and 0 Errors encountered.
synth_design completed successfully
synth_design: Time (s): cpu = 00:00:37 ; elapsed = 00:00:40 . Memory (MB): peak = 1507.781 ; gain = 1037.379
Write ShapeDB Complete: Time (s): cpu = 00:00:00 ; elapsed = 00:00:00.002 . Memory (MB): peak = 1507.781 ; gain = 0.000
INFO: [Common 17-1381] The checkpoint 'C:/Users/coope/Documents/MSU-ECE-DSD/lab7/lab7_part3/lab7_part3.runs/synth_1/timertop.dcp' has been generated.
INFO: [runtcl-4] Executing : report_utilization -file timertop_utilization_synth.rpt -pb timertop_utilization_synth.pb
INFO: [Common 17-206] Exiting Vivado at Wed Apr 17 17:56:26 2024...
