
*** Running vivado
    with args -log lab5dpath.vds -m64 -product Vivado -mode batch -messageDb vivado.pb -notrace -source lab5dpath.tcl


ECHO is off.
ECHO is off.

****** Vivado v2023.2 (64-bit)
  **** SW Build 4029153 on Fri Oct 13 20:14:34 MDT 2023
  **** IP Build 4028589 on Sat Oct 14 00:45:43 MDT 2023
  **** SharedData Build 4025554 on Tue Oct 10 17:18:54 MDT 2023
    ** Copyright 1986-2022 Xilinx, Inc. All Rights Reserved.
    ** Copyright 2022-2023 Advanced Micro Devices, Inc. All Rights Reserved.

source lab5dpath.tcl -notrace
create_project: Time (s): cpu = 00:00:06 ; elapsed = 00:00:07 . Memory (MB): peak = 455.750 ; gain = 181.262
Command: read_checkpoint -auto_incremental -incremental C:/Users/coope/Documents/MSU-ECE-DSD/lab5/project_1/project_1.srcs/utils_1/imports/synth_1/lab5dpath.dcp
INFO: [Vivado 12-5825] Read reference checkpoint from C:/Users/coope/Documents/MSU-ECE-DSD/lab5/project_1/project_1.srcs/utils_1/imports/synth_1/lab5dpath.dcp for incremental synthesis
INFO: [Vivado 12-7989] Please ensure there are no constraint changes
Command: synth_design -top lab5dpath -part xc7a12ticsg325-1L
Starting synth_design
Attempting to get a license for feature 'Synthesis' and/or device 'xc7a12ti'
INFO: [Common 17-349] Got license for feature 'Synthesis' and/or device 'xc7a12ti'
INFO: [Device 21-403] Loading part xc7a12ticsg325-1L
INFO: [Designutils 20-5440] No compile time benefit to using incremental synthesis; A full resynthesis will be run
INFO: [Designutils 20-4379] Flow is switching to default flow due to incremental criteria not met. If you would like to alter this behaviour and have the flow terminate instead, please set the following parameter config_implementation {autoIncr.Synth.RejectBehavior Terminate}
INFO: [Synth 8-7079] Multithreading enabled for synth_design using a maximum of 2 processes.
INFO: [Synth 8-7078] Launching helper process for spawning children vivado processes
INFO: [Synth 8-7075] Helper process launched with PID 4076
---------------------------------------------------------------------------------
Starting RTL Elaboration : Time (s): cpu = 00:00:05 ; elapsed = 00:00:07 . Memory (MB): peak = 1287.516 ; gain = 440.086
---------------------------------------------------------------------------------
INFO: [Synth 8-6157] synthesizing module 'lab5dpath' [C:/Users/coope/Documents/MSU-ECE-DSD/lab5/project_1/project_1.srcs/sources_1/imports/lab5/lab5dpath_part3.sv:14]
INFO: [Synth 8-6157] synthesizing module 'mult_gen_2' [C:/Users/coope/Documents/MSU-ECE-DSD/lab5/project_1/project_1.runs/synth_1/.Xil/Vivado-13560-LAPTOP-RCMTCCBQ/realtime/mult_gen_2_stub.v:6]
INFO: [Synth 8-6155] done synthesizing module 'mult_gen_2' (0#1) [C:/Users/coope/Documents/MSU-ECE-DSD/lab5/project_1/project_1.runs/synth_1/.Xil/Vivado-13560-LAPTOP-RCMTCCBQ/realtime/mult_gen_2_stub.v:6]
INFO: [Synth 8-6155] done synthesizing module 'lab5dpath' (0#1) [C:/Users/coope/Documents/MSU-ECE-DSD/lab5/project_1/project_1.srcs/sources_1/imports/lab5/lab5dpath_part3.sv:14]
---------------------------------------------------------------------------------
Finished RTL Elaboration : Time (s): cpu = 00:00:06 ; elapsed = 00:00:08 . Memory (MB): peak = 1394.090 ; gain = 546.660
---------------------------------------------------------------------------------
---------------------------------------------------------------------------------
Start Handling Custom Attributes
---------------------------------------------------------------------------------
---------------------------------------------------------------------------------
Finished Handling Custom Attributes : Time (s): cpu = 00:00:06 ; elapsed = 00:00:09 . Memory (MB): peak = 1394.090 ; gain = 546.660
---------------------------------------------------------------------------------
---------------------------------------------------------------------------------
Finished RTL Optimization Phase 1 : Time (s): cpu = 00:00:06 ; elapsed = 00:00:09 . Memory (MB): peak = 1394.090 ; gain = 546.660
---------------------------------------------------------------------------------
Netlist sorting complete. Time (s): cpu = 00:00:00 ; elapsed = 00:00:00.001 . Memory (MB): peak = 1394.090 ; gain = 0.000
INFO: [Project 1-570] Preparing netlist for logic optimization

Processing XDC Constraints
Initializing timing engine
Parsing XDC File [c:/Users/coope/Documents/MSU-ECE-DSD/lab5/project_1/project_1.gen/sources_1/ip/mult_gen_2/mult_gen_2/mult_gen_2_in_context.xdc] for cell 'crm932_a'
Finished Parsing XDC File [c:/Users/coope/Documents/MSU-ECE-DSD/lab5/project_1/project_1.gen/sources_1/ip/mult_gen_2/mult_gen_2/mult_gen_2_in_context.xdc] for cell 'crm932_a'
Parsing XDC File [c:/Users/coope/Documents/MSU-ECE-DSD/lab5/project_1/project_1.gen/sources_1/ip/mult_gen_2/mult_gen_2/mult_gen_2_in_context.xdc] for cell 'crm932_b'
Finished Parsing XDC File [c:/Users/coope/Documents/MSU-ECE-DSD/lab5/project_1/project_1.gen/sources_1/ip/mult_gen_2/mult_gen_2/mult_gen_2_in_context.xdc] for cell 'crm932_b'
Parsing XDC File [c:/Users/coope/Documents/MSU-ECE-DSD/lab5/project_1/project_1.gen/sources_1/ip/mult_gen_2/mult_gen_2/mult_gen_2_in_context.xdc] for cell 'crm932_c'
Finished Parsing XDC File [c:/Users/coope/Documents/MSU-ECE-DSD/lab5/project_1/project_1.gen/sources_1/ip/mult_gen_2/mult_gen_2/mult_gen_2_in_context.xdc] for cell 'crm932_c'
Parsing XDC File [C:/Users/coope/Documents/MSU-ECE-DSD/lab1/Basys3_Master.xdc]
Finished Parsing XDC File [C:/Users/coope/Documents/MSU-ECE-DSD/lab1/Basys3_Master.xdc]
Completed Processing XDC Constraints

Netlist sorting complete. Time (s): cpu = 00:00:00 ; elapsed = 00:00:00 . Memory (MB): peak = 1486.852 ; gain = 0.000
INFO: [Project 1-111] Unisim Transformation Summary:
No Unisim elements were transformed.

The system cannot find the path specified.
Constraint Validation Runtime : Time (s): cpu = 00:00:00 ; elapsed = 00:00:00.019 . Memory (MB): peak = 1486.852 ; gain = 0.000
WARNING: [Timing 38-316] Clock period '100.000' specified during out-of-context synthesis of instance 'crm932_a' at clock pin 'CLK' is different from the actual clock period '20.000', this can lead to different synthesis results.
WARNING: [Timing 38-316] Clock period '100.000' specified during out-of-context synthesis of instance 'crm932_b' at clock pin 'CLK' is different from the actual clock period '20.000', this can lead to different synthesis results.
WARNING: [Timing 38-316] Clock period '100.000' specified during out-of-context synthesis of instance 'crm932_c' at clock pin 'CLK' is different from the actual clock period '20.000', this can lead to different synthesis results.
INFO: [Designutils 20-5440] No compile time benefit to using incremental synthesis; A full resynthesis will be run
INFO: [Designutils 20-4379] Flow is switching to default flow due to incremental criteria not met. If you would like to alter this behaviour and have the flow terminate instead, please set the following parameter config_implementation {autoIncr.Synth.RejectBehavior Terminate}
---------------------------------------------------------------------------------
Finished Constraint Validation : Time (s): cpu = 00:00:13 ; elapsed = 00:00:17 . Memory (MB): peak = 1486.852 ; gain = 639.422
---------------------------------------------------------------------------------
---------------------------------------------------------------------------------
Start Loading Part and Timing Information
---------------------------------------------------------------------------------
Loading part: xc7a12ticsg325-1L
---------------------------------------------------------------------------------
Finished Loading Part and Timing Information : Time (s): cpu = 00:00:13 ; elapsed = 00:00:17 . Memory (MB): peak = 1486.852 ; gain = 639.422
---------------------------------------------------------------------------------
---------------------------------------------------------------------------------
Start Applying 'set_property' XDC Constraints
---------------------------------------------------------------------------------
Applied set_property KEEP_HIERARCHY = SOFT for crm932_a. (constraint file  auto generated constraint).
Applied set_property KEEP_HIERARCHY = SOFT for crm932_b. (constraint file  auto generated constraint).
Applied set_property KEEP_HIERARCHY = SOFT for crm932_c. (constraint file  auto generated constraint).
---------------------------------------------------------------------------------
Finished applying 'set_property' XDC Constraints : Time (s): cpu = 00:00:13 ; elapsed = 00:00:17 . Memory (MB): peak = 1486.852 ; gain = 639.422
---------------------------------------------------------------------------------
---------------------------------------------------------------------------------
Finished RTL Optimization Phase 2 : Time (s): cpu = 00:00:13 ; elapsed = 00:00:17 . Memory (MB): peak = 1486.852 ; gain = 639.422
---------------------------------------------------------------------------------
---------------------------------------------------------------------------------
Start RTL Component Statistics 
---------------------------------------------------------------------------------
Detailed RTL Component Info : 
+---Adders : 
	   2 Input   12 Bit       Adders := 2     
+---Registers : 
	               12 Bit    Registers := 5     
	               10 Bit    Registers := 1     
---------------------------------------------------------------------------------
Finished RTL Component Statistics 
---------------------------------------------------------------------------------
---------------------------------------------------------------------------------
Start Part Resource Summary
---------------------------------------------------------------------------------
Part Resources:
DSPs: 40 (col length:40)
BRAMs: 40 (col length: RAMB18 40 RAMB36 20)
---------------------------------------------------------------------------------
Finished Part Resource Summary
---------------------------------------------------------------------------------
---------------------------------------------------------------------------------
Start Cross Boundary and Area Optimization
---------------------------------------------------------------------------------
WARNING: [Synth 8-7080] Parallel synthesis criteria is not met
---------------------------------------------------------------------------------
Finished Cross Boundary and Area Optimization : Time (s): cpu = 00:00:15 ; elapsed = 00:00:19 . Memory (MB): peak = 1486.852 ; gain = 639.422
---------------------------------------------------------------------------------
---------------------------------------------------------------------------------
Start Applying XDC Timing Constraints
---------------------------------------------------------------------------------
---------------------------------------------------------------------------------
Finished Applying XDC Timing Constraints : Time (s): cpu = 00:00:19 ; elapsed = 00:00:26 . Memory (MB): peak = 1486.852 ; gain = 639.422
---------------------------------------------------------------------------------
---------------------------------------------------------------------------------
Start Timing Optimization
---------------------------------------------------------------------------------
---------------------------------------------------------------------------------
Finished Timing Optimization : Time (s): cpu = 00:00:19 ; elapsed = 00:00:26 . Memory (MB): peak = 1486.852 ; gain = 639.422
---------------------------------------------------------------------------------
---------------------------------------------------------------------------------
Start Technology Mapping
---------------------------------------------------------------------------------
---------------------------------------------------------------------------------
Finished Technology Mapping : Time (s): cpu = 00:00:19 ; elapsed = 00:00:26 . Memory (MB): peak = 1486.852 ; gain = 639.422
---------------------------------------------------------------------------------
---------------------------------------------------------------------------------
Start IO Insertion
---------------------------------------------------------------------------------
---------------------------------------------------------------------------------
Start Flattening Before IO Insertion
---------------------------------------------------------------------------------
---------------------------------------------------------------------------------
Finished Flattening Before IO Insertion
---------------------------------------------------------------------------------
---------------------------------------------------------------------------------
Start Final Netlist Cleanup
---------------------------------------------------------------------------------
---------------------------------------------------------------------------------
Finished Final Netlist Cleanup
---------------------------------------------------------------------------------
---------------------------------------------------------------------------------
Finished IO Insertion : Time (s): cpu = 00:00:24 ; elapsed = 00:00:31 . Memory (MB): peak = 1486.852 ; gain = 639.422
---------------------------------------------------------------------------------
---------------------------------------------------------------------------------
Start Renaming Generated Instances
---------------------------------------------------------------------------------
---------------------------------------------------------------------------------
Finished Renaming Generated Instances : Time (s): cpu = 00:00:24 ; elapsed = 00:00:31 . Memory (MB): peak = 1486.852 ; gain = 639.422
---------------------------------------------------------------------------------
---------------------------------------------------------------------------------
Start Rebuilding User Hierarchy
---------------------------------------------------------------------------------
---------------------------------------------------------------------------------
Finished Rebuilding User Hierarchy : Time (s): cpu = 00:00:24 ; elapsed = 00:00:31 . Memory (MB): peak = 1486.852 ; gain = 639.422
---------------------------------------------------------------------------------
---------------------------------------------------------------------------------
Start Renaming Generated Ports
---------------------------------------------------------------------------------
---------------------------------------------------------------------------------
Finished Renaming Generated Ports : Time (s): cpu = 00:00:24 ; elapsed = 00:00:31 . Memory (MB): peak = 1486.852 ; gain = 639.422
---------------------------------------------------------------------------------
---------------------------------------------------------------------------------
Start Handling Custom Attributes
---------------------------------------------------------------------------------
---------------------------------------------------------------------------------
Finished Handling Custom Attributes : Time (s): cpu = 00:00:24 ; elapsed = 00:00:31 . Memory (MB): peak = 1486.852 ; gain = 639.422
---------------------------------------------------------------------------------
---------------------------------------------------------------------------------
Start Renaming Generated Nets
---------------------------------------------------------------------------------
---------------------------------------------------------------------------------
Finished Renaming Generated Nets : Time (s): cpu = 00:00:24 ; elapsed = 00:00:31 . Memory (MB): peak = 1486.852 ; gain = 639.422
---------------------------------------------------------------------------------
---------------------------------------------------------------------------------
Start Writing Synthesis Report
---------------------------------------------------------------------------------

Report BlackBoxes: 
+------+--------------+----------+
|      |BlackBox name |Instances |
+------+--------------+----------+
|1     |mult_gen_2    |         3|
+------+--------------+----------+

Report Cell Usage: 
+------+-----------+------+
|      |Cell       |Count |
+------+-----------+------+
|1     |mult_gen   |     1|
|2     |mult_gen_2 |     2|
|4     |BUFG       |     1|
|5     |CARRY4     |     6|
|6     |LUT2       |    24|
|7     |FDRE       |    64|
|8     |IBUF       |    31|
|9     |OBUF       |    10|
+------+-----------+------+
---------------------------------------------------------------------------------
Finished Writing Synthesis Report : Time (s): cpu = 00:00:24 ; elapsed = 00:00:31 . Memory (MB): peak = 1486.852 ; gain = 639.422
---------------------------------------------------------------------------------
Synthesis finished with 0 errors, 0 critical warnings and 1 warnings.
Synthesis Optimization Runtime : Time (s): cpu = 00:00:16 ; elapsed = 00:00:29 . Memory (MB): peak = 1486.852 ; gain = 546.660
Synthesis Optimization Complete : Time (s): cpu = 00:00:24 ; elapsed = 00:00:31 . Memory (MB): peak = 1486.852 ; gain = 639.422
INFO: [Project 1-571] Translating synthesized netlist
Netlist sorting complete. Time (s): cpu = 00:00:00 ; elapsed = 00:00:00.002 . Memory (MB): peak = 1486.852 ; gain = 0.000
INFO: [Netlist 29-17] Analyzing 6 Unisim elements for replacement
INFO: [Netlist 29-28] Unisim Transformation completed in 0 CPU seconds
INFO: [Project 1-570] Preparing netlist for logic optimization
INFO: [Opt 31-138] Pushed 0 inverter(s) to 0 load pin(s).
Netlist sorting complete. Time (s): cpu = 00:00:00 ; elapsed = 00:00:00 . Memory (MB): peak = 1486.852 ; gain = 0.000
INFO: [Project 1-111] Unisim Transformation Summary:
No Unisim elements were transformed.

The system cannot find the path specified.
Synth Design complete | Checksum: 6b8f6003
INFO: [Common 17-83] Releasing license: Synthesis
24 Infos, 4 Warnings, 0 Critical Warnings and 0 Errors encountered.
synth_design completed successfully
synth_design: Time (s): cpu = 00:00:28 ; elapsed = 00:00:43 . Memory (MB): peak = 1486.852 ; gain = 1018.109
Write ShapeDB Complete: Time (s): cpu = 00:00:00 ; elapsed = 00:00:00.001 . Memory (MB): peak = 1486.852 ; gain = 0.000
INFO: [Common 17-1381] The checkpoint 'C:/Users/coope/Documents/MSU-ECE-DSD/lab5/project_1/project_1.runs/synth_1/lab5dpath.dcp' has been generated.
INFO: [runtcl-4] Executing : report_utilization -file lab5dpath_utilization_synth.rpt -pb lab5dpath_utilization_synth.pb
INFO: [Common 17-206] Exiting Vivado at Thu May  2 13:51:08 2024...
