Vivado Simulator v2023.2
Copyright 1986-2022 Xilinx, Inc. All Rights Reserved.
Copyright 2022-2023 Advanced Micro Devices, Inc. All Rights Reserved.
Running: C:/Xilinx/Vivado/2023.2/bin/unwrapped/win64.o/xelab.exe --incr --debug typical --relax --mt 2 --maxdelay -L xil_defaultlib -L uvm -L simprims_ver -L secureip --snapshot tb_lab5dpath_time_impl -transport_int_delays -pulse_r 0 -pulse_int_r 0 -pulse_e 0 -pulse_int_e 0 xil_defaultlib.tb_lab5dpath xil_defaultlib.glbl -log elaborate.log 
Using 2 slave threads.
Starting static elaboration
Pass Through NonSizing Optimizer
Completed static elaboration
Starting simulation data flow analysis
Completed simulation data flow analysis
INFO: [XSIM 43-3451] SDF backannotation process started with SDF file "tb_lab5dpath_time_impl.sdf", for root module "tb_lab5dpath/uut".
INFO: [XSIM 43-3452] SDF backannotation was successful for SDF file "tb_lab5dpath_time_impl.sdf", for root module "tb_lab5dpath/uut".
Time Resolution for simulation is 1ps
Compiling module simprims_ver.BUFG
Compiling module simprims_ver.IBUF
Compiling module simprims_ver.CARRY4
Compiling module simprims_ver.x_lut2_mux4
Compiling module simprims_ver.LUT2
Compiling module simprims_ver.x_lut1_mux2
Compiling module simprims_ver.LUT1
Compiling module simprims_ver.FDRE_default
Compiling module xil_defaultlib.mult_gen_2
Compiling module xil_defaultlib.mult_gen_2_HD3
Compiling module xil_defaultlib.mult_gen_2_HD7
Compiling module simprims_ver.OBUF
Compiling module xil_defaultlib.lab5dpath
Compiling module xil_defaultlib.tb_lab5dpath
Compiling module xil_defaultlib.glbl
Built simulation snapshot tb_lab5dpath_time_impl
