Vivado Simulator v2023.2
Copyright 1986-2022 Xilinx, Inc. All Rights Reserved.
Copyright 2022-2023 Advanced Micro Devices, Inc. All Rights Reserved.
Running: C:/Xilinx/Vivado/2023.2/bin/unwrapped/win64.o/xelab.exe --incr --debug typical --relax --mt 2 --maxdelay -L xil_defaultlib -L uvm -L simprims_ver -L secureip --snapshot tb_timer32_time_impl -transport_int_delays -pulse_r 0 -pulse_int_r 0 -pulse_e 0 -pulse_int_e 0 xil_defaultlib.tb_timer32 xil_defaultlib.glbl -log elaborate.log 
Using 2 slave threads.
Starting static elaboration
Pass Through NonSizing Optimizer
WARNING: [VRFC 10-2861] module 'timer32' does not have a parameter named PERIOD [C:/Users/coope/Documents/MSU-ECE-DSD/lab7/Part 1/Part 1.srcs/sim_1/imports/lab7_p1_files/tb_timer32.sv:46]
WARNING: [VRFC 10-2861] module 'timer32' does not have a parameter named ENBIT [C:/Users/coope/Documents/MSU-ECE-DSD/lab7/Part 1/Part 1.srcs/sim_1/imports/lab7_p1_files/tb_timer32.sv:47]
Completed static elaboration
Starting simulation data flow analysis
Completed simulation data flow analysis
INFO: [XSIM 43-3451] SDF backannotation process started with SDF file "tb_timer32_time_impl.sdf", for root module "tb_timer32/uut".
INFO: [XSIM 43-3452] SDF backannotation was successful for SDF file "tb_timer32_time_impl.sdf", for root module "tb_timer32/uut".
Time Resolution for simulation is 1ps
Compiling module simprims_ver.x_lut3_mux8
Compiling module simprims_ver.LUT3
Compiling module simprims_ver.FDPE_default
Compiling module simprims_ver.FDCE_default
Compiling module simprims_ver.LUT6
Compiling module simprims_ver.LUT5
Compiling module simprims_ver.latchsre_ldce
Compiling module simprims_ver.LDCE
Compiling module simprims_ver.LUT4
Compiling module simprims_ver.CARRY4
Compiling module simprims_ver.IBUF
Compiling module simprims_ver.BUFG
Compiling module simprims_ver.OBUF
Compiling module simprims_ver.x_lut2_mux4
Compiling module simprims_ver.LUT2(INIT=4'b010)
Compiling module xil_defaultlib.timer32
Compiling module xil_defaultlib.tb_timer32
Compiling module xil_defaultlib.glbl
Built simulation snapshot tb_timer32_time_impl
