
*** Running vivado
    with args -log mult_gen_0.vds -m64 -product Vivado -mode batch -messageDb vivado.pb -notrace -source mult_gen_0.tcl


ECHO is off.
ECHO is off.

****** Vivado v2023.2 (64-bit)
  **** SW Build 4029153 on Fri Oct 13 20:14:34 MDT 2023
  **** IP Build 4028589 on Sat Oct 14 00:45:43 MDT 2023
  **** SharedData Build 4025554 on Tue Oct 10 17:18:54 MDT 2023
    ** Copyright 1986-2022 Xilinx, Inc. All Rights Reserved.
    ** Copyright 2022-2023 Advanced Micro Devices, Inc. All Rights Reserved.

source mult_gen_0.tcl -notrace
create_project: Time (s): cpu = 00:00:10 ; elapsed = 00:00:14 . Memory (MB): peak = 455.707 ; gain = 181.582
INFO: [IP_Flow 19-6924] IPCACHE: Running cache check for IP inst: mult_gen_0
Command: synth_design -top mult_gen_0 -part xc7a12ticsg325-1L -incremental_mode off -mode out_of_context
Starting synth_design
Attempting to get a license for feature 'Synthesis' and/or device 'xc7a12ti'
INFO: [Common 17-349] Got license for feature 'Synthesis' and/or device 'xc7a12ti'
INFO: [Designutils 20-5008] Incremental synthesis strategy off
INFO: [Synth 8-7079] Multithreading enabled for synth_design using a maximum of 2 processes.
INFO: [Synth 8-7078] Launching helper process for spawning children vivado processes
INFO: [Synth 8-7075] Helper process launched with PID 6036
---------------------------------------------------------------------------------
Starting Synthesize : Time (s): cpu = 00:00:12 ; elapsed = 00:00:21 . Memory (MB): peak = 914.434 ; gain = 438.762
---------------------------------------------------------------------------------
INFO: [Synth 8-638] synthesizing module 'mult_gen_0' [c:/Users/coope/Documents/MSU-ECE-DSD/lab5/project_1/project_1.gen/sources_1/ip/mult_gen_0_1/synth/mult_gen_0.vhd:67]
WARNING: [Synth 8-5640] Port 'zero_detect' is missing in component declaration [c:/Users/coope/Documents/MSU-ECE-DSD/lab5/project_1/project_1.gen/sources_1/ip/mult_gen_0_1/synth/mult_gen_0.vhd:70]
WARNING: [Synth 8-5640] Port 'pcasc' is missing in component declaration [c:/Users/coope/Documents/MSU-ECE-DSD/lab5/project_1/project_1.gen/sources_1/ip/mult_gen_0_1/synth/mult_gen_0.vhd:70]
WARNING: [Synth 8-5640] Port 'pcasc_ext' is missing in component declaration [c:/Users/coope/Documents/MSU-ECE-DSD/lab5/project_1/project_1.gen/sources_1/ip/mult_gen_0_1/synth/mult_gen_0.vhd:70]
	Parameter C_VERBOSITY bound to: 0 - type: integer 
	Parameter C_MODEL_TYPE bound to: 0 - type: integer 
	Parameter C_OPTIMIZE_GOAL bound to: 1 - type: integer 
	Parameter C_XDEVICEFAMILY bound to: artix7 - type: string 
	Parameter C_HAS_CE bound to: 0 - type: integer 
	Parameter C_HAS_SCLR bound to: 0 - type: integer 
	Parameter C_LATENCY bound to: 0 - type: integer 
	Parameter C_A_WIDTH bound to: 12 - type: integer 
	Parameter C_A_TYPE bound to: 0 - type: integer 
	Parameter C_B_WIDTH bound to: 12 - type: integer 
	Parameter C_B_TYPE bound to: 0 - type: integer 
	Parameter C_OUT_HIGH bound to: 23 - type: integer 
	Parameter C_OUT_LOW bound to: 0 - type: integer 
	Parameter C_MULT_TYPE bound to: 1 - type: integer 
	Parameter C_CE_OVERRIDES_SCLR bound to: 0 - type: integer 
	Parameter C_CCM_IMP bound to: 0 - type: integer 
	Parameter C_B_VALUE bound to: 10000001 - type: string 
	Parameter C_HAS_ZERO_DETECT bound to: 0 - type: integer 
	Parameter C_ROUND_OUTPUT bound to: 0 - type: integer 
	Parameter C_ROUND_PT bound to: 0 - type: integer 
INFO: [Synth 8-3491] module 'mult_gen_v12_0_19' declared at 'c:/Users/coope/Documents/MSU-ECE-DSD/lab5/project_1/project_1.gen/sources_1/ip/mult_gen_0_1/hdl/mult_gen_v12_0_vh_rfs.vhd:21510' bound to instance 'U0' of component 'mult_gen_v12_0_19' [c:/Users/coope/Documents/MSU-ECE-DSD/lab5/project_1/project_1.gen/sources_1/ip/mult_gen_0_1/synth/mult_gen_0.vhd:117]
INFO: [Synth 8-256] done synthesizing module 'mult_gen_0' (0#1) [c:/Users/coope/Documents/MSU-ECE-DSD/lab5/project_1/project_1.gen/sources_1/ip/mult_gen_0_1/synth/mult_gen_0.vhd:67]
WARNING: [Synth 8-7129] Port CLK in module delay_line is either unconnected or has no load
WARNING: [Synth 8-7129] Port CE in module delay_line is either unconnected or has no load
WARNING: [Synth 8-7129] Port SCLR in module delay_line is either unconnected or has no load
WARNING: [Synth 8-7129] Port C_PORT[47] in module dsp is either unconnected or has no load
WARNING: [Synth 8-7129] Port C_PORT[46] in module dsp is either unconnected or has no load
WARNING: [Synth 8-7129] Port C_PORT[45] in module dsp is either unconnected or has no load
WARNING: [Synth 8-7129] Port C_PORT[44] in module dsp is either unconnected or has no load
WARNING: [Synth 8-7129] Port C_PORT[43] in module dsp is either unconnected or has no load
WARNING: [Synth 8-7129] Port C_PORT[42] in module dsp is either unconnected or has no load
WARNING: [Synth 8-7129] Port C_PORT[41] in module dsp is either unconnected or has no load
WARNING: [Synth 8-7129] Port C_PORT[40] in module dsp is either unconnected or has no load
WARNING: [Synth 8-7129] Port C_PORT[39] in module dsp is either unconnected or has no load
WARNING: [Synth 8-7129] Port C_PORT[38] in module dsp is either unconnected or has no load
WARNING: [Synth 8-7129] Port C_PORT[37] in module dsp is either unconnected or has no load
WARNING: [Synth 8-7129] Port C_PORT[36] in module dsp is either unconnected or has no load
WARNING: [Synth 8-7129] Port C_PORT[35] in module dsp is either unconnected or has no load
WARNING: [Synth 8-7129] Port C_PORT[34] in module dsp is either unconnected or has no load
WARNING: [Synth 8-7129] Port C_PORT[33] in module dsp is either unconnected or has no load
WARNING: [Synth 8-7129] Port C_PORT[32] in module dsp is either unconnected or has no load
WARNING: [Synth 8-7129] Port C_PORT[31] in module dsp is either unconnected or has no load
WARNING: [Synth 8-7129] Port C_PORT[30] in module dsp is either unconnected or has no load
WARNING: [Synth 8-7129] Port C_PORT[29] in module dsp is either unconnected or has no load
WARNING: [Synth 8-7129] Port C_PORT[28] in module dsp is either unconnected or has no load
WARNING: [Synth 8-7129] Port C_PORT[27] in module dsp is either unconnected or has no load
WARNING: [Synth 8-7129] Port C_PORT[26] in module dsp is either unconnected or has no load
WARNING: [Synth 8-7129] Port C_PORT[25] in module dsp is either unconnected or has no load
WARNING: [Synth 8-7129] Port C_PORT[24] in module dsp is either unconnected or has no load
WARNING: [Synth 8-7129] Port C_PORT[23] in module dsp is either unconnected or has no load
WARNING: [Synth 8-7129] Port C_PORT[22] in module dsp is either unconnected or has no load
WARNING: [Synth 8-7129] Port C_PORT[21] in module dsp is either unconnected or has no load
WARNING: [Synth 8-7129] Port C_PORT[20] in module dsp is either unconnected or has no load
WARNING: [Synth 8-7129] Port C_PORT[19] in module dsp is either unconnected or has no load
WARNING: [Synth 8-7129] Port C_PORT[18] in module dsp is either unconnected or has no load
WARNING: [Synth 8-7129] Port C_PORT[17] in module dsp is either unconnected or has no load
WARNING: [Synth 8-7129] Port C_PORT[16] in module dsp is either unconnected or has no load
WARNING: [Synth 8-7129] Port C_PORT[15] in module dsp is either unconnected or has no load
WARNING: [Synth 8-7129] Port C_PORT[14] in module dsp is either unconnected or has no load
WARNING: [Synth 8-7129] Port C_PORT[13] in module dsp is either unconnected or has no load
WARNING: [Synth 8-7129] Port C_PORT[12] in module dsp is either unconnected or has no load
WARNING: [Synth 8-7129] Port C_PORT[11] in module dsp is either unconnected or has no load
WARNING: [Synth 8-7129] Port C_PORT[10] in module dsp is either unconnected or has no load
WARNING: [Synth 8-7129] Port C_PORT[9] in module dsp is either unconnected or has no load
WARNING: [Synth 8-7129] Port C_PORT[8] in module dsp is either unconnected or has no load
WARNING: [Synth 8-7129] Port C_PORT[7] in module dsp is either unconnected or has no load
WARNING: [Synth 8-7129] Port C_PORT[6] in module dsp is either unconnected or has no load
WARNING: [Synth 8-7129] Port C_PORT[5] in module dsp is either unconnected or has no load
WARNING: [Synth 8-7129] Port C_PORT[4] in module dsp is either unconnected or has no load
WARNING: [Synth 8-7129] Port C_PORT[3] in module dsp is either unconnected or has no load
WARNING: [Synth 8-7129] Port C_PORT[2] in module dsp is either unconnected or has no load
WARNING: [Synth 8-7129] Port C_PORT[1] in module dsp is either unconnected or has no load
WARNING: [Synth 8-7129] Port C_PORT[0] in module dsp is either unconnected or has no load
WARNING: [Synth 8-7129] Port D_PORT[24] in module dsp is either unconnected or has no load
WARNING: [Synth 8-7129] Port D_PORT[23] in module dsp is either unconnected or has no load
WARNING: [Synth 8-7129] Port D_PORT[22] in module dsp is either unconnected or has no load
WARNING: [Synth 8-7129] Port D_PORT[21] in module dsp is either unconnected or has no load
WARNING: [Synth 8-7129] Port D_PORT[20] in module dsp is either unconnected or has no load
WARNING: [Synth 8-7129] Port D_PORT[19] in module dsp is either unconnected or has no load
WARNING: [Synth 8-7129] Port D_PORT[18] in module dsp is either unconnected or has no load
WARNING: [Synth 8-7129] Port D_PORT[17] in module dsp is either unconnected or has no load
WARNING: [Synth 8-7129] Port D_PORT[16] in module dsp is either unconnected or has no load
WARNING: [Synth 8-7129] Port D_PORT[15] in module dsp is either unconnected or has no load
WARNING: [Synth 8-7129] Port D_PORT[14] in module dsp is either unconnected or has no load
WARNING: [Synth 8-7129] Port D_PORT[13] in module dsp is either unconnected or has no load
WARNING: [Synth 8-7129] Port D_PORT[12] in module dsp is either unconnected or has no load
WARNING: [Synth 8-7129] Port D_PORT[11] in module dsp is either unconnected or has no load
WARNING: [Synth 8-7129] Port D_PORT[10] in module dsp is either unconnected or has no load
WARNING: [Synth 8-7129] Port D_PORT[9] in module dsp is either unconnected or has no load
WARNING: [Synth 8-7129] Port D_PORT[8] in module dsp is either unconnected or has no load
WARNING: [Synth 8-7129] Port D_PORT[7] in module dsp is either unconnected or has no load
WARNING: [Synth 8-7129] Port D_PORT[6] in module dsp is either unconnected or has no load
WARNING: [Synth 8-7129] Port D_PORT[5] in module dsp is either unconnected or has no load
WARNING: [Synth 8-7129] Port D_PORT[4] in module dsp is either unconnected or has no load
WARNING: [Synth 8-7129] Port D_PORT[3] in module dsp is either unconnected or has no load
WARNING: [Synth 8-7129] Port D_PORT[2] in module dsp is either unconnected or has no load
WARNING: [Synth 8-7129] Port D_PORT[1] in module dsp is either unconnected or has no load
WARNING: [Synth 8-7129] Port D_PORT[0] in module dsp is either unconnected or has no load
WARNING: [Synth 8-7129] Port SUBTRACT in module dsp is either unconnected or has no load
WARNING: [Synth 8-7129] Port CARRY_IN in module dsp is either unconnected or has no load
WARNING: [Synth 8-7129] Port PCASC_IN[47] in module dsp is either unconnected or has no load
WARNING: [Synth 8-7129] Port PCASC_IN[46] in module dsp is either unconnected or has no load
WARNING: [Synth 8-7129] Port PCASC_IN[45] in module dsp is either unconnected or has no load
WARNING: [Synth 8-7129] Port PCASC_IN[44] in module dsp is either unconnected or has no load
WARNING: [Synth 8-7129] Port PCASC_IN[43] in module dsp is either unconnected or has no load
WARNING: [Synth 8-7129] Port PCASC_IN[42] in module dsp is either unconnected or has no load
WARNING: [Synth 8-7129] Port PCASC_IN[41] in module dsp is either unconnected or has no load
WARNING: [Synth 8-7129] Port PCASC_IN[40] in module dsp is either unconnected or has no load
WARNING: [Synth 8-7129] Port PCASC_IN[39] in module dsp is either unconnected or has no load
WARNING: [Synth 8-7129] Port PCASC_IN[38] in module dsp is either unconnected or has no load
WARNING: [Synth 8-7129] Port PCASC_IN[37] in module dsp is either unconnected or has no load
WARNING: [Synth 8-7129] Port PCASC_IN[36] in module dsp is either unconnected or has no load
WARNING: [Synth 8-7129] Port PCASC_IN[35] in module dsp is either unconnected or has no load
WARNING: [Synth 8-7129] Port PCASC_IN[34] in module dsp is either unconnected or has no load
WARNING: [Synth 8-7129] Port PCASC_IN[33] in module dsp is either unconnected or has no load
WARNING: [Synth 8-7129] Port PCASC_IN[32] in module dsp is either unconnected or has no load
WARNING: [Synth 8-7129] Port PCASC_IN[31] in module dsp is either unconnected or has no load
WARNING: [Synth 8-7129] Port PCASC_IN[30] in module dsp is either unconnected or has no load
WARNING: [Synth 8-7129] Port PCASC_IN[29] in module dsp is either unconnected or has no load
WARNING: [Synth 8-7129] Port PCASC_IN[28] in module dsp is either unconnected or has no load
WARNING: [Synth 8-7129] Port PCASC_IN[27] in module dsp is either unconnected or has no load
WARNING: [Synth 8-7129] Port PCASC_IN[26] in module dsp is either unconnected or has no load
INFO: [Common 17-14] Message 'Synth 8-7129' appears 100 times and further instances of the messages will be disabled. Use the Tcl command set_msg_config to change the current settings.
---------------------------------------------------------------------------------
Finished Synthesize : Time (s): cpu = 00:00:22 ; elapsed = 00:00:36 . Memory (MB): peak = 1073.738 ; gain = 598.066
---------------------------------------------------------------------------------
---------------------------------------------------------------------------------
Finished Constraint Validation : Time (s): cpu = 00:00:25 ; elapsed = 00:00:39 . Memory (MB): peak = 1073.738 ; gain = 598.066
---------------------------------------------------------------------------------
---------------------------------------------------------------------------------
Start Loading Part and Timing Information
---------------------------------------------------------------------------------
Loading part: xc7a12ticsg325-1L
---------------------------------------------------------------------------------
Finished Loading Part and Timing Information : Time (s): cpu = 00:00:25 ; elapsed = 00:00:39 . Memory (MB): peak = 1073.738 ; gain = 598.066
---------------------------------------------------------------------------------
INFO: [Device 21-403] Loading part xc7a12ticsg325-1L
---------------------------------------------------------------------------------
Finished RTL Optimization Phase 2 : Time (s): cpu = 00:00:25 ; elapsed = 00:00:39 . Memory (MB): peak = 1073.738 ; gain = 598.066
---------------------------------------------------------------------------------
No constraint files found.
---------------------------------------------------------------------------------
Start RTL Component Statistics 
---------------------------------------------------------------------------------
---------------------------------------------------------------------------------
Finished RTL Component Statistics 
---------------------------------------------------------------------------------
---------------------------------------------------------------------------------
Start Part Resource Summary
---------------------------------------------------------------------------------
Part Resources:
DSPs: 40 (col length:40)
BRAMs: 40 (col length: RAMB18 40 RAMB36 20)
---------------------------------------------------------------------------------
Finished Part Resource Summary
---------------------------------------------------------------------------------
No constraint files found.
---------------------------------------------------------------------------------
Start Cross Boundary and Area Optimization
---------------------------------------------------------------------------------
WARNING: [Synth 8-7080] Parallel synthesis criteria is not met
---------------------------------------------------------------------------------
Finished Cross Boundary and Area Optimization : Time (s): cpu = 00:00:38 ; elapsed = 00:00:57 . Memory (MB): peak = 1182.781 ; gain = 707.109
---------------------------------------------------------------------------------
 Sort Area is  gDSP.gDSP_only.iDSP/multOp_0 : 0 0 : 1052 1052 : Used 1 time 100
No constraint files found.
---------------------------------------------------------------------------------
Start Timing Optimization
---------------------------------------------------------------------------------
---------------------------------------------------------------------------------
Finished Timing Optimization : Time (s): cpu = 00:00:38 ; elapsed = 00:00:57 . Memory (MB): peak = 1191.734 ; gain = 716.062
---------------------------------------------------------------------------------
---------------------------------------------------------------------------------
Start Technology Mapping
---------------------------------------------------------------------------------
---------------------------------------------------------------------------------
Finished Technology Mapping : Time (s): cpu = 00:00:38 ; elapsed = 00:00:57 . Memory (MB): peak = 1191.734 ; gain = 716.062
---------------------------------------------------------------------------------
---------------------------------------------------------------------------------
Start IO Insertion
---------------------------------------------------------------------------------
---------------------------------------------------------------------------------
Start Flattening Before IO Insertion
---------------------------------------------------------------------------------
---------------------------------------------------------------------------------
Finished Flattening Before IO Insertion
---------------------------------------------------------------------------------
---------------------------------------------------------------------------------
Start Final Netlist Cleanup
---------------------------------------------------------------------------------
---------------------------------------------------------------------------------
Finished Final Netlist Cleanup
---------------------------------------------------------------------------------
---------------------------------------------------------------------------------
Finished IO Insertion : Time (s): cpu = 00:00:49 ; elapsed = 00:01:10 . Memory (MB): peak = 1191.734 ; gain = 716.062
---------------------------------------------------------------------------------
---------------------------------------------------------------------------------
Start Renaming Generated Instances
---------------------------------------------------------------------------------
---------------------------------------------------------------------------------
Finished Renaming Generated Instances : Time (s): cpu = 00:00:49 ; elapsed = 00:01:10 . Memory (MB): peak = 1191.734 ; gain = 716.062
---------------------------------------------------------------------------------
---------------------------------------------------------------------------------
Start Rebuilding User Hierarchy
---------------------------------------------------------------------------------
---------------------------------------------------------------------------------
Finished Rebuilding User Hierarchy : Time (s): cpu = 00:00:49 ; elapsed = 00:01:11 . Memory (MB): peak = 1191.734 ; gain = 716.062
---------------------------------------------------------------------------------
---------------------------------------------------------------------------------
Start Renaming Generated Ports
---------------------------------------------------------------------------------
---------------------------------------------------------------------------------
Finished Renaming Generated Ports : Time (s): cpu = 00:00:49 ; elapsed = 00:01:11 . Memory (MB): peak = 1191.734 ; gain = 716.062
---------------------------------------------------------------------------------
---------------------------------------------------------------------------------
Start Handling Custom Attributes
---------------------------------------------------------------------------------
---------------------------------------------------------------------------------
Finished Handling Custom Attributes : Time (s): cpu = 00:00:49 ; elapsed = 00:01:11 . Memory (MB): peak = 1191.734 ; gain = 716.062
---------------------------------------------------------------------------------
---------------------------------------------------------------------------------
Start Renaming Generated Nets
---------------------------------------------------------------------------------
---------------------------------------------------------------------------------
Finished Renaming Generated Nets : Time (s): cpu = 00:00:49 ; elapsed = 00:01:11 . Memory (MB): peak = 1191.734 ; gain = 716.062
---------------------------------------------------------------------------------
---------------------------------------------------------------------------------
Start Writing Synthesis Report
---------------------------------------------------------------------------------

DSP Final Report (the ' indicates corresponding REG is set)
+------------+-------------+--------+--------+--------+--------+--------+------+------+------+------+-------+------+------+
|Module Name | DSP Mapping | A Size | B Size | C Size | D Size | P Size | AREG | BREG | CREG | DREG | ADREG | MREG | PREG | 
+------------+-------------+--------+--------+--------+--------+--------+------+------+------+------+-------+------+------+
|dsp         | A*B         | 30     | 18     | -      | -      | 24     | 0    | 0    | -    | -    | -     | 0    | 0    | 
+------------+-------------+--------+--------+--------+--------+--------+------+------+------+------+-------+------+------+


Report BlackBoxes: 
+-+--------------+----------+
| |BlackBox name |Instances |
+-+--------------+----------+
+-+--------------+----------+

Report Cell Usage: 
+------+--------+------+
|      |Cell    |Count |
+------+--------+------+
|1     |DSP48E1 |     1|
+------+--------+------+
---------------------------------------------------------------------------------
Finished Writing Synthesis Report : Time (s): cpu = 00:00:49 ; elapsed = 00:01:11 . Memory (MB): peak = 1191.734 ; gain = 716.062
---------------------------------------------------------------------------------
Synthesis finished with 0 errors, 0 critical warnings and 135 warnings.
Synthesis Optimization Runtime : Time (s): cpu = 00:00:49 ; elapsed = 00:01:11 . Memory (MB): peak = 1191.734 ; gain = 716.062
Synthesis Optimization Complete : Time (s): cpu = 00:00:49 ; elapsed = 00:01:11 . Memory (MB): peak = 1191.734 ; gain = 716.062
INFO: [Project 1-571] Translating synthesized netlist
Netlist sorting complete. Time (s): cpu = 00:00:00 ; elapsed = 00:00:00.003 . Memory (MB): peak = 1203.902 ; gain = 0.000
INFO: [Netlist 29-17] Analyzing 1 Unisim elements for replacement
INFO: [Netlist 29-28] Unisim Transformation completed in 0 CPU seconds
INFO: [Project 1-570] Preparing netlist for logic optimization
INFO: [Opt 31-138] Pushed 0 inverter(s) to 0 load pin(s).
Netlist sorting complete. Time (s): cpu = 00:00:00 ; elapsed = 00:00:00 . Memory (MB): peak = 1290.004 ; gain = 0.000
INFO: [Project 1-111] Unisim Transformation Summary:
No Unisim elements were transformed.

The system cannot find the path specified.
Synth Design complete | Checksum: 7919db93
INFO: [Common 17-83] Releasing license: Synthesis
18 Infos, 104 Warnings, 0 Critical Warnings and 0 Errors encountered.
synth_design completed successfully
synth_design: Time (s): cpu = 00:00:51 ; elapsed = 00:01:14 . Memory (MB): peak = 1290.004 ; gain = 821.961
INFO: [Timing 38-35] Done setting XDC timing constraints.
INFO: [Common 17-1381] The checkpoint 'C:/Users/coope/Documents/MSU-ECE-DSD/lab5/project_1/project_1.runs/mult_gen_0_synth_1/mult_gen_0.dcp' has been generated.
write_checkpoint: Time (s): cpu = 00:00:13 ; elapsed = 00:00:17 . Memory (MB): peak = 1524.418 ; gain = 234.414
INFO: [Coretcl 2-1648] Added synthesis output to IP cache for IP mult_gen_0, cache-ID = 7ab031f0c6387252
INFO: [Coretcl 2-1174] Renamed 3 cell refs.
INFO: [Common 17-1381] The checkpoint 'C:/Users/coope/Documents/MSU-ECE-DSD/lab5/project_1/project_1.runs/mult_gen_0_synth_1/mult_gen_0.dcp' has been generated.
INFO: [runtcl-4] Executing : report_utilization -file mult_gen_0_utilization_synth.rpt -pb mult_gen_0_utilization_synth.pb
INFO: [Common 17-206] Exiting Vivado at Wed Feb 28 19:21:00 2024...
