
*** Running vivado
    with args -log mult_gen_0.vds -m64 -product Vivado -mode batch -messageDb vivado.pb -notrace -source mult_gen_0.tcl


ECHO is off.
ECHO is off.

****** Vivado v2023.2 (64-bit)
  **** SW Build 4029153 on Fri Oct 13 20:14:34 MDT 2023
  **** IP Build 4028589 on Sat Oct 14 00:45:43 MDT 2023
  **** SharedData Build 4025554 on Tue Oct 10 17:18:54 MDT 2023
    ** Copyright 1986-2022 Xilinx, Inc. All Rights Reserved.
    ** Copyright 2022-2023 Advanced Micro Devices, Inc. All Rights Reserved.

source mult_gen_0.tcl -notrace
create_project: Time (s): cpu = 00:00:06 ; elapsed = 00:00:06 . Memory (MB): peak = 455.754 ; gain = 183.168
INFO: [IP_Flow 19-6924] IPCACHE: Running cache check for IP inst: mult_gen_0
INFO: [IP_Flow 19-6922] IPCACHE: Exporting cached entry 7ab031f0c6387252 to dir: C:/Users/coope/Documents/MSU-ECE-DSD/lab6/Lab6_part2/Lab6_part2.runs/mult_gen_0_synth_1
INFO: [IP_Flow 19-6928] IPCACHE: copied cached file c:/Users/coope/Documents/MSU-ECE-DSD/lab6/Lab6_part2/Lab6_part2.cache/ip/2023.2/7/a/7ab031f0c6387252/mult_gen_0.dcp to C:/Users/coope/Documents/MSU-ECE-DSD/lab6/Lab6_part2/Lab6_part2.runs/mult_gen_0_synth_1/mult_gen_0.dcp.
INFO: [IP_Flow 19-6928] IPCACHE: copied cached file c:/Users/coope/Documents/MSU-ECE-DSD/lab6/Lab6_part2/Lab6_part2.cache/ip/2023.2/7/a/7ab031f0c6387252/mult_gen_0_sim_netlist.v to C:/Users/coope/Documents/MSU-ECE-DSD/lab6/Lab6_part2/Lab6_part2.runs/mult_gen_0_synth_1/mult_gen_0_sim_netlist.v.
INFO: [IP_Flow 19-6928] IPCACHE: copied cached file c:/Users/coope/Documents/MSU-ECE-DSD/lab6/Lab6_part2/Lab6_part2.cache/ip/2023.2/7/a/7ab031f0c6387252/mult_gen_0_sim_netlist.vhdl to C:/Users/coope/Documents/MSU-ECE-DSD/lab6/Lab6_part2/Lab6_part2.runs/mult_gen_0_synth_1/mult_gen_0_sim_netlist.vhdl.
INFO: [IP_Flow 19-6928] IPCACHE: copied cached file c:/Users/coope/Documents/MSU-ECE-DSD/lab6/Lab6_part2/Lab6_part2.cache/ip/2023.2/7/a/7ab031f0c6387252/mult_gen_0_stub.v to C:/Users/coope/Documents/MSU-ECE-DSD/lab6/Lab6_part2/Lab6_part2.runs/mult_gen_0_synth_1/mult_gen_0_stub.v.
INFO: [IP_Flow 19-6928] IPCACHE: copied cached file c:/Users/coope/Documents/MSU-ECE-DSD/lab6/Lab6_part2/Lab6_part2.cache/ip/2023.2/7/a/7ab031f0c6387252/mult_gen_0_stub.vhdl to C:/Users/coope/Documents/MSU-ECE-DSD/lab6/Lab6_part2/Lab6_part2.runs/mult_gen_0_synth_1/mult_gen_0_stub.vhdl.
INFO: [IP_Flow 19-4838] Using cached IP synthesis design for IP mult_gen_0, cache-ID = 7ab031f0c6387252.
INFO: [Common 17-206] Exiting Vivado at Wed Mar 27 19:38:17 2024...
